{
  "RSpec": {
    "coverage": {
      "/Users/Guest/Desktop/travel_part2/spec/controllers/places_controller_spec.rb": [
        1,
        null,
        1,
        null,
        null
      ],
      "/Users/Guest/Desktop/travel_part2/spec/rails_helper.rb": [
        null,
        1,
        1,
        1,
        null,
        1,
        1,
        null,
        null,
        null,
        null,
        null,
        null,
        null,
        null,
        null,
        null,
        null,
        null,
        null,
        null,
        null,
        null,
        null,
        null,
        null,
        1,
        1,
        null,
        0,
        0,
        null,
        1,
        null,
        1,
        null,
        null,
        null,
        null,
        1,
        null,
        null,
        null,
        null,
        null,
        null,
        null,
        null,
        null,
        null,
        null,
        null,
        null,
        null,
        1,
        null,
        null,
        1,
        null,
        null,
        null,
        null,
        1,
        1,
        1,
        1,
        null,
        null
      ],
      "/Users/Guest/Desktop/travel_part2/config/environment.rb": [
        null,
        1,
        null,
        null,
        1
      ],
      "/Users/Guest/Desktop/travel_part2/config/application.rb": [
        1,
        null,
        1,
        null,
        1,
        1,
        1,
        1,
        1,
        1,
        1,
        1,
        null,
        null,
        null,
        null,
        null,
        1,
        null,
        1,
        1,
        null,
        1,
        null,
        null,
        null,
        null,
        null,
        null,
        null,
        null,
        null,
        1,
        null,
        null
      ],
      "/Users/Guest/Desktop/travel_part2/config/boot.rb": [
        1,
        null,
        1,
        1
      ],
      "/Users/Guest/Desktop/travel_part2/config/environments/test.rb": [
        1,
        null,
        null,
        null,
        null,
        null,
        null,
        1,
        null,
        null,
        null,
        null,
        1,
        null,
        null,
        1,
        1,
        null,
        null,
        null,
        null,
        1,
        1,
        null,
        null,
        1,
        null,
        null,
        1,
        null,
        null,
        1,
        null,
        1,
        null,
        null,
        null,
        null,
        1,
        null,
        null,
        1,
        null,
        null,
        null,
        null
      ],
      "/Users/Guest/Desktop/travel_part2/config/initializers/application_controller_renderer.rb": [
        null,
        null,
        null,
        null,
        null,
        null,
        null,
        null
      ],
      "/Users/Guest/Desktop/travel_part2/config/initializers/backtrace_silencers.rb": [
        null,
        null,
        null,
        null,
        null,
        null,
        null
      ],
      "/Users/Guest/Desktop/travel_part2/config/initializers/cors.rb": [
        null,
        null,
        null,
        null,
        null,
        null,
        null,
        null,
        null,
        null,
        null,
        null,
        null,
        null,
        null,
        null
      ],
      "/Users/Guest/Desktop/travel_part2/config/initializers/filter_parameter_logging.rb": [
        null,
        null,
        null,
        1
      ],
      "/Users/Guest/Desktop/travel_part2/config/initializers/inflections.rb": [
        null,
        null,
        null,
        null,
        null,
        null,
        null,
        null,
        null,
        null,
        null,
        null,
        null,
        null,
        null,
        null
      ],
      "/Users/Guest/Desktop/travel_part2/config/initializers/mime_types.rb": [
        null,
        null,
        null,
        null
      ],
      "/Users/Guest/Desktop/travel_part2/config/initializers/wrap_parameters.rb": [
        null,
        null,
        null,
        null,
        null,
        null,
        1,
        2,
        null,
        null,
        null,
        null,
        null,
        null
      ],
      "/Users/Guest/Desktop/travel_part2/spec/factories.rb": [
        1,
        1,
        1,
        1,
        1,
        1,
        1,
        null,
        null,
        1,
        1,
        1,
        1,
        null,
        1,
        1,
        1,
        null,
        null,
        1,
        0,
        null,
        null,
        null,
        null
      ],
      "/Users/Guest/Desktop/travel_part2/config/routes.rb": [
        1,
        1,
        1,
        null,
        null,
        null
      ],
      "/Users/Guest/Desktop/travel_part2/app/controllers/places_controller.rb": [
        1,
        1,
        0,
        0,
        null,
        null,
        1,
        0,
        0,
        null,
        null,
        1,
        0,
        0,
        null,
        null,
        1,
        0,
        0,
        0,
        null,
        null,
        null,
        null,
        null,
        1,
        0,
        0,
        0,
        null,
        null,
        null,
        null,
        null,
        1,
        null,
        1,
        0,
        null,
        null
      ],
      "/Users/Guest/Desktop/travel_part2/app/controllers/application_controller.rb": [
        1,
        1,
        1,
        null
      ],
      "/Users/Guest/Desktop/travel_part2/app/controllers/concerns/response.rb": [
        1,
        1,
        0,
        null,
        null
      ],
      "/Users/Guest/Desktop/travel_part2/app/controllers/concerns/exception_handler.rb": [
        1,
        null,
        1,
        1,
        null,
        1,
        1,
        0,
        null,
        null,
        1,
        0,
        null,
        null,
        null
      ],
      "/Users/Guest/Desktop/travel_part2/spec/controllers/reviews_controller_spec.rb": [
        1,
        null,
        1,
        null,
        null
      ],
      "/Users/Guest/Desktop/travel_part2/app/controllers/reviews_controller.rb": [
        1,
        1,
        0,
        0,
        0,
        null,
        null,
        1,
        0,
        0,
        0,
        null,
        null,
        1,
        0,
        0,
        0,
        null,
        null,
        1,
        0,
        0,
        0,
        0,
        null,
        null,
        null,
        null,
        null,
        1,
        0,
        0,
        0,
        0,
        null,
        null,
        null,
        null,
        null,
        1,
        1,
        0,
        null,
        null
      ],
      "/Users/Guest/Desktop/travel_part2/spec/models/place_spec.rb": [
        1,
        null,
        1,
        2,
        2,
        2,
        2,
        null
      ],
      "/Users/Guest/Desktop/travel_part2/app/models/place.rb": [
        1,
        1,
        1,
        1,
        1,
        null
      ],
      "/Users/Guest/Desktop/travel_part2/app/models/application_record.rb": [
        1,
        1,
        null
      ],
      "/Users/Guest/Desktop/travel_part2/spec/models/review_spec.rb": [
        1,
        null,
        1,
        2,
        2,
        2,
        2,
        2,
        2,
        null
      ],
      "/Users/Guest/Desktop/travel_part2/app/models/review.rb": [
        1,
        1,
        1,
        1,
        1,
        1,
        1,
        null
      ]
    },
    "timestamp": 1566428460
  }
}
